Determining if the pthread_create exist failed with the following output:
Change Dir: /home/computervision/Imagens/dlib-19.17/build/temp.linux-x86_64-3.6/CMakeFiles/CMakeTmp

Run Build Command:"/usr/bin/make" "cmTC_f8bff/fast"
/usr/bin/make -f CMakeFiles/cmTC_f8bff.dir/build.make CMakeFiles/cmTC_f8bff.dir/build
make[1]: Entering directory '/home/computervision/Imagens/dlib-19.17/build/temp.linux-x86_64-3.6/CMakeFiles/CMakeTmp'
Building C object CMakeFiles/cmTC_f8bff.dir/CheckSymbolExists.c.o
/usr/bin/cc   -fPIE   -o CMakeFiles/cmTC_f8bff.dir/CheckSymbolExists.c.o   -c /home/computervision/Imagens/dlib-19.17/build/temp.linux-x86_64-3.6/CMakeFiles/CMakeTmp/CheckSymbolExists.c
Linking C executable cmTC_f8bff
/usr/bin/cmake -E cmake_link_script CMakeFiles/cmTC_f8bff.dir/link.txt --verbose=1
/usr/bin/cc      -rdynamic CMakeFiles/cmTC_f8bff.dir/CheckSymbolExists.c.o  -o cmTC_f8bff 
CMakeFiles/cmTC_f8bff.dir/CheckSymbolExists.c.o: Na função "main":
CheckSymbolExists.c:(.text+0x1b): referência não definida para "pthread_create"
collect2: error: ld returned 1 exit status
CMakeFiles/cmTC_f8bff.dir/build.make:97: recipe for target 'cmTC_f8bff' failed
make[1]: *** [cmTC_f8bff] Error 1
make[1]: Leaving directory '/home/computervision/Imagens/dlib-19.17/build/temp.linux-x86_64-3.6/CMakeFiles/CMakeTmp'
Makefile:126: recipe for target 'cmTC_f8bff/fast' failed
make: *** [cmTC_f8bff/fast] Error 2

File /home/computervision/Imagens/dlib-19.17/build/temp.linux-x86_64-3.6/CMakeFiles/CMakeTmp/CheckSymbolExists.c:
/* */
#include <pthread.h>

int main(int argc, char** argv)
{
  (void)argv;
#ifndef pthread_create
  return ((int*)(&pthread_create))[argc];
#else
  (void)argc;
  return 0;
#endif
}

Determining if the function pthread_create exists in the pthreads failed with the following output:
Change Dir: /home/computervision/Imagens/dlib-19.17/build/temp.linux-x86_64-3.6/CMakeFiles/CMakeTmp

Run Build Command:"/usr/bin/make" "cmTC_0ee35/fast"
/usr/bin/make -f CMakeFiles/cmTC_0ee35.dir/build.make CMakeFiles/cmTC_0ee35.dir/build
make[1]: Entering directory '/home/computervision/Imagens/dlib-19.17/build/temp.linux-x86_64-3.6/CMakeFiles/CMakeTmp'
Building C object CMakeFiles/cmTC_0ee35.dir/CheckFunctionExists.c.o
/usr/bin/cc   -DCHECK_FUNCTION_EXISTS=pthread_create -fPIE   -o CMakeFiles/cmTC_0ee35.dir/CheckFunctionExists.c.o   -c /usr/share/cmake-3.10/Modules/CheckFunctionExists.c
Linking C executable cmTC_0ee35
/usr/bin/cmake -E cmake_link_script CMakeFiles/cmTC_0ee35.dir/link.txt --verbose=1
/usr/bin/cc  -DCHECK_FUNCTION_EXISTS=pthread_create    -rdynamic CMakeFiles/cmTC_0ee35.dir/CheckFunctionExists.c.o  -o cmTC_0ee35 -lpthreads 
/usr/bin/ld: não foi possível localizar -lpthreads
collect2: error: ld returned 1 exit status
CMakeFiles/cmTC_0ee35.dir/build.make:97: recipe for target 'cmTC_0ee35' failed
make[1]: *** [cmTC_0ee35] Error 1
make[1]: Leaving directory '/home/computervision/Imagens/dlib-19.17/build/temp.linux-x86_64-3.6/CMakeFiles/CMakeTmp'
Makefile:126: recipe for target 'cmTC_0ee35/fast' failed
make: *** [cmTC_0ee35/fast] Error 2


Determining if the function sgesv exists failed with the following output:
Change Dir: /home/computervision/Imagens/dlib-19.17/build/temp.linux-x86_64-3.6/CMakeFiles/CMakeTmp

Run Build Command:"/usr/bin/make" "cmTC_8bf9f/fast"
/usr/bin/make -f CMakeFiles/cmTC_8bf9f.dir/build.make CMakeFiles/cmTC_8bf9f.dir/build
make[1]: Entering directory '/home/computervision/Imagens/dlib-19.17/build/temp.linux-x86_64-3.6/CMakeFiles/CMakeTmp'
Building C object CMakeFiles/cmTC_8bf9f.dir/CheckFunctionExists.c.o
/usr/bin/cc   -DCHECK_FUNCTION_EXISTS=sgesv -fPIE   -o CMakeFiles/cmTC_8bf9f.dir/CheckFunctionExists.c.o   -c /usr/share/cmake-3.10/Modules/CheckFunctionExists.c
Linking C executable cmTC_8bf9f
/usr/bin/cmake -E cmake_link_script CMakeFiles/cmTC_8bf9f.dir/link.txt --verbose=1
/usr/bin/cc  -DCHECK_FUNCTION_EXISTS=sgesv    -rdynamic CMakeFiles/cmTC_8bf9f.dir/CheckFunctionExists.c.o  -o cmTC_8bf9f 
CMakeFiles/cmTC_8bf9f.dir/CheckFunctionExists.c.o: Na função "main":
CheckFunctionExists.c:(.text+0x10): referência não definida para "sgesv"
collect2: error: ld returned 1 exit status
CMakeFiles/cmTC_8bf9f.dir/build.make:97: recipe for target 'cmTC_8bf9f' failed
make[1]: *** [cmTC_8bf9f] Error 1
make[1]: Leaving directory '/home/computervision/Imagens/dlib-19.17/build/temp.linux-x86_64-3.6/CMakeFiles/CMakeTmp'
Makefile:126: recipe for target 'cmTC_8bf9f/fast' failed
make: *** [cmTC_8bf9f/fast] Error 2


Determining if the function sgesv_ exists failed with the following output:
Change Dir: /home/computervision/Imagens/dlib-19.17/build/temp.linux-x86_64-3.6/CMakeFiles/CMakeTmp

Run Build Command:"/usr/bin/make" "cmTC_69381/fast"
/usr/bin/make -f CMakeFiles/cmTC_69381.dir/build.make CMakeFiles/cmTC_69381.dir/build
make[1]: Entering directory '/home/computervision/Imagens/dlib-19.17/build/temp.linux-x86_64-3.6/CMakeFiles/CMakeTmp'
Building C object CMakeFiles/cmTC_69381.dir/CheckFunctionExists.c.o
/usr/bin/cc   -DCHECK_FUNCTION_EXISTS=sgesv_ -fPIE   -o CMakeFiles/cmTC_69381.dir/CheckFunctionExists.c.o   -c /usr/share/cmake-3.10/Modules/CheckFunctionExists.c
Linking C executable cmTC_69381
/usr/bin/cmake -E cmake_link_script CMakeFiles/cmTC_69381.dir/link.txt --verbose=1
/usr/bin/cc  -DCHECK_FUNCTION_EXISTS=sgesv_    -rdynamic CMakeFiles/cmTC_69381.dir/CheckFunctionExists.c.o  -o cmTC_69381 
CMakeFiles/cmTC_69381.dir/CheckFunctionExists.c.o: Na função "main":
CheckFunctionExists.c:(.text+0x10): referência não definida para "sgesv_"
collect2: error: ld returned 1 exit status
CMakeFiles/cmTC_69381.dir/build.make:97: recipe for target 'cmTC_69381' failed
make[1]: *** [cmTC_69381] Error 1
make[1]: Leaving directory '/home/computervision/Imagens/dlib-19.17/build/temp.linux-x86_64-3.6/CMakeFiles/CMakeTmp'
Makefile:126: recipe for target 'cmTC_69381/fast' failed
make: *** [cmTC_69381/fast] Error 2


